\BOOKMARK [0][-]{chapter*.2}{\376\377\000I\000n\000t\000r\000o\000d\000u\000z\000i\000o\000n\000e}{}% 1
\BOOKMARK [0][-]{chapter.1}{\376\377\000G\000e\000o\000d\000e\000t\000i\000c\000h\000e\000\040\000s\000u\000\040\000v\000a\000r\000i\000e\000t\000\340\000\040\000R\000i\000e\000m\000a\000n\000n\000i\000a\000n\000e}{}% 2
\BOOKMARK [1][-]{section.1.1}{\376\377\000C\000o\000n\000n\000e\000s\000s\000i\000o\000n\000i\000\040\000e\000\040\000d\000e\000r\000i\000v\000a\000t\000e\000\040\000c\000o\000v\000a\000r\000i\000a\000n\000t\000i}{chapter.1}% 3
\BOOKMARK [1][-]{section.1.2}{\376\377\000V\000a\000r\000i\000e\000t\000\340\000\040\000R\000i\000e\000m\000a\000n\000n\000i\000a\000n\000e}{chapter.1}% 4
\BOOKMARK [1][-]{section.1.3}{\376\377\000S\000o\000t\000t\000o\000v\000a\000r\000i\000e\000t\000\340\000\040\000R\000i\000e\000m\000a\000n\000n\000i\000a\000n\000e}{chapter.1}% 5
\BOOKMARK [1][-]{section.1.4}{\376\377\000G\000e\000o\000d\000e\000t\000i\000c\000h\000e\000\040\000e\000\040\000m\000a\000p\000p\000a\000\040\000e\000s\000p\000o\000n\000e\000n\000z\000i\000a\000l\000e}{chapter.1}% 6
\BOOKMARK [0][-]{chapter.2}{\376\377\000L\000o\000\040\000s\000p\000a\000z\000i\000o\000\040\000H\0001\000\050\000S\0001\000,\000M\000\051\000\040\000e\000\040\000i\000l\000\040\000f\000u\000n\000z\000i\000o\000n\000a\000l\000e\000\040\000e\000n\000e\000r\000g\000i\000a}{}% 7
\BOOKMARK [1][-]{section.2.1}{\376\377\000R\000i\000c\000h\000i\000a\000m\000i\000\040\000d\000i\000\040\000a\000n\000a\000l\000i\000s\000i\000\040\000f\000u\000n\000z\000i\000o\000n\000a\000l\000e}{chapter.2}% 8
\BOOKMARK [1][-]{section.2.2}{\376\377\000V\000a\000r\000i\000e\000t\000\340\000\040\000d\000i\000\040\000B\000a\000n\000a\000c\000h\000\040\000e\000\040\000d\000i\000\040\000H\000i\000l\000b\000e\000r\000t}{chapter.2}% 9
\BOOKMARK [1][-]{section.2.3}{\376\377\000L\000a\000\040\000v\000a\000r\000i\000e\000t\000\340\000\040\000d\000i\000\040\000H\000i\000l\000b\000e\000r\000t\000\040\000H\0001\000\050\000S\0001\000,\000M\000\051}{chapter.2}% 10
\BOOKMARK [1][-]{section.2.4}{\376\377\000I\000l\000\040\000f\000u\000n\000z\000i\000o\000n\000a\000l\000e\000\040\000e\000n\000e\000r\000g\000i\000a}{chapter.2}% 11
\BOOKMARK [0][-]{chapter.3}{\376\377\000I\000l\000\040\000t\000e\000o\000r\000e\000m\000a\000\040\000d\000i\000\040\000p\000a\000s\000s\000o\000\040\000m\000o\000n\000t\000a\000n\000o}{}% 12
\BOOKMARK [1][-]{section.3.1}{\376\377\000P\000a\000s\000s\000o\000\040\000m\000o\000n\000t\000a\000n\000o\000\040\000s\000u\000\040\000s\000p\000a\000z\000i\000\040\000d\000i\000\040\000H\000i\000l\000b\000e\000r\000t}{chapter.3}% 13
\BOOKMARK [1][-]{section.3.2}{\376\377\000P\000a\000s\000s\000o\000\040\000m\000o\000n\000t\000a\000n\000o\000\040\000s\000u\000\040\000H\0001\000\050\000S\0001\000,\000M\000\051}{chapter.3}% 14
\BOOKMARK [0][-]{chapter.4}{\376\377\000I\000l\000\040\000t\000e\000o\000r\000e\000m\000a\000\040\000d\000i\000\040\000L\000u\000s\000t\000e\000r\000n\000i\000k\000-\000F\000e\000t}{}% 15
\BOOKMARK [1][-]{section.4.1}{\376\377\000C\000a\000s\000o\000\040\000n\000o\000n\000\040\000s\000e\000m\000p\000l\000i\000c\000e\000m\000e\000n\000t\000e\000\040\000c\000o\000n\000n\000e\000s\000s\000o}{chapter.4}% 16
\BOOKMARK [1][-]{section.4.2}{\376\377\000C\000a\000s\000o\000\040\000s\000e\000m\000p\000l\000i\000c\000e\000m\000e\000n\000t\000e\000\040\000c\000o\000n\000n\000e\000s\000s\000o}{chapter.4}% 17
\BOOKMARK [1][-]{section.4.3}{\376\377\000D\000o\000p\000o\000\040\000i\000l\000\040\000t\000e\000o\000r\000e\000m\000a\000\040\000d\000i\000\040\000L\000u\000s\000t\000e\000r\000n\000i\000k\000-\000F\000e\000t}{chapter.4}% 18
\BOOKMARK [0][-]{appendix.Alph1}{\376\377\000G\000r\000u\000p\000p\000i\000\040\000d\000i\000\040\000o\000m\000o\000t\000o\000p\000i\000a}{}% 19
\BOOKMARK [1][-]{section.Alph1.1}{\376\377\000G\000r\000u\000p\000p\000i\000\040\000d\000i\000\040\000o\000m\000o\000t\000o\000p\000i\000a}{appendix.Alph1}% 20
\BOOKMARK [1][-]{section.Alph1.2}{\376\377\000G\000r\000u\000p\000p\000i\000\040\000d\000i\000\040\000o\000m\000o\000t\000o\000p\000i\000a\000\040\000d\000i\000\040\000u\000n\000a\000\040\000v\000a\000r\000i\000e\000t\000\340\000\040\000s\000e\000m\000p\000l\000i\000c\000e\000m\000e\000n\000t\000e\000\040\000c\000o\000n\000n\000e\000s\000s\000a}{appendix.Alph1}% 21
\BOOKMARK [0][-]{appendix*.3}{\376\377\000B\000i\000b\000l\000i\000o\000g\000r\000a\000f\000i\000a}{}% 22
